<?xml version="1.0" encoding="UTF-8"?>
<!-- Generated by org.testng.reporters.JUnitXMLReporter -->
<testsuite hostname="AshishLaptop" name="Test" tests="2" failures="1" timestamp="1 Sep 2020 18:34:35 GMT" time="14.229" errors="0">
  <testcase name="basepageNavigation" time="8.159" classname="Academy1.HomePage1"/>
  <testcase name="validateAppTitle" time="0.068" classname="Academy1.validateTitle">
    <failure type="java.lang.AssertionError" message="expected [FEATURED CO123URSES] but found [FEATURED COURSES]">
      <![CDATA[java.lang.AssertionError: expected [FEATURED CO123URSES] but found [FEATURED COURSES]
	at Academy1.validateTitle.validateAppTitle(validateTitle.java:44)
... Removed 29 stack frames]]>
    </failure>
  </testcase> <!-- validateAppTitle -->
</testsuite> <!-- Test -->
