<?xml version="1.0" encoding="UTF-8"?>
<testng-results skipped="0" failed="0" total="0" passed="0">
  <reporter-output>
  </reporter-output>
  <suite name="Academy1.AppTest" duration-ms="2" started-at="2020-08-29T14:46:49Z" finished-at="2020-08-29T14:46:49Z">
    <groups>
    </groups>
    <test name="Command line test" duration-ms="2" started-at="2020-08-29T14:46:49Z" finished-at="2020-08-29T14:46:49Z">
    </test> <!-- Command line test -->
  </suite> <!-- Academy1.AppTest -->
</testng-results>
