<?xml version="1.0" encoding="UTF-8"?>
<testng-results skipped="0" failed="0" total="1" passed="1">
  <reporter-output>
  </reporter-output>
  <suite name="Default suite" duration-ms="7542" started-at="2020-09-01T18:43:40Z" finished-at="2020-09-01T18:43:47Z">
    <groups>
    </groups>
    <test name="Default test" duration-ms="7542" started-at="2020-09-01T18:43:40Z" finished-at="2020-09-01T18:43:47Z">
      <class name="Academy1.HomePage1">
        <test-method status="PASS" signature="basepageNavigation()[pri:0, instance:Academy1.HomePage1@198b6731]" name="basepageNavigation" duration-ms="7529" started-at="2020-09-02T00:13:40Z" finished-at="2020-09-02T00:13:47Z">
          <reporter-output>
          </reporter-output>
        </test-method> <!-- basepageNavigation -->
      </class> <!-- Academy1.HomePage1 -->
    </test> <!-- Default test -->
  </suite> <!-- Default suite -->
</testng-results>
