<?xml version="1.0" encoding="UTF-8"?>
<testng-results skipped="0" failed="0" total="1" passed="1">
  <reporter-output>
  </reporter-output>
  <suite name="Default suite" duration-ms="8040" started-at="2020-08-29T14:57:30Z" finished-at="2020-08-29T14:57:38Z">
    <groups>
    </groups>
    <test name="Default test" duration-ms="8040" started-at="2020-08-29T14:57:30Z" finished-at="2020-08-29T14:57:38Z">
      <class name="Academy1.HomePage1">
        <test-method status="PASS" signature="basepageNavigation()[pri:0, instance:Academy1.HomePage1@448ff1a8]" name="basepageNavigation" duration-ms="8026" started-at="2020-08-29T20:27:30Z" finished-at="2020-08-29T20:27:38Z">
          <reporter-output>
          </reporter-output>
        </test-method> <!-- basepageNavigation -->
      </class> <!-- Academy1.HomePage1 -->
    </test> <!-- Default test -->
  </suite> <!-- Default suite -->
</testng-results>
